
> Task :users:dependencies

------------------------------------------------------------
Project :users
------------------------------------------------------------

annotationProcessor - Annotation processors and their dependencies for source set 'main'.
No dependencies

apiElements - API elements for main. (n)
No dependencies

archives - Configuration for archive artifacts.
No dependencies

compile - Dependencies for source set 'main' (deprecated, use 'implementation ' instead).
+--- org.springframework.boot:spring-boot-starter-jdbc:+ -> 2.0.4.RELEASE
|    +--- org.springframework.boot:spring-boot-starter:2.0.4.RELEASE
|    |    +--- org.springframework.boot:spring-boot:2.0.4.RELEASE
|    |    |    +--- org.springframework:spring-core:5.0.8.RELEASE
|    |    |    |    \--- org.springframework:spring-jcl:5.0.8.RELEASE
|    |    |    \--- org.springframework:spring-context:5.0.8.RELEASE
|    |    |         +--- org.springframework:spring-aop:5.0.8.RELEASE
|    |    |         |    +--- org.springframework:spring-beans:5.0.8.RELEASE
|    |    |         |    |    \--- org.springframework:spring-core:5.0.8.RELEASE (*)
|    |    |         |    \--- org.springframework:spring-core:5.0.8.RELEASE (*)
|    |    |         +--- org.springframework:spring-beans:5.0.8.RELEASE (*)
|    |    |         +--- org.springframework:spring-core:5.0.8.RELEASE (*)
|    |    |         \--- org.springframework:spring-expression:5.0.8.RELEASE
|    |    |              \--- org.springframework:spring-core:5.0.8.RELEASE (*)
|    |    +--- org.springframework.boot:spring-boot-autoconfigure:2.0.4.RELEASE
|    |    |    \--- org.springframework.boot:spring-boot:2.0.4.RELEASE (*)
|    |    +--- org.springframework.boot:spring-boot-starter-logging:2.0.4.RELEASE
|    |    |    +--- ch.qos.logback:logback-classic:1.2.3
|    |    |    |    +--- ch.qos.logback:logback-core:1.2.3
|    |    |    |    \--- org.slf4j:slf4j-api:1.7.25
|    |    |    +--- org.apache.logging.log4j:log4j-to-slf4j:2.10.0
|    |    |    |    +--- org.slf4j:slf4j-api:1.7.25
|    |    |    |    \--- org.apache.logging.log4j:log4j-api:2.10.0
|    |    |    \--- org.slf4j:jul-to-slf4j:1.7.25
|    |    |         \--- org.slf4j:slf4j-api:1.7.25
|    |    +--- javax.annotation:javax.annotation-api:1.3.2
|    |    +--- org.springframework:spring-core:5.0.8.RELEASE (*)
|    |    \--- org.yaml:snakeyaml:1.19
|    +--- com.zaxxer:HikariCP:2.7.9
|    |    \--- org.slf4j:slf4j-api:1.7.25
|    \--- org.springframework:spring-jdbc:5.0.8.RELEASE
|         +--- org.springframework:spring-beans:5.0.8.RELEASE (*)
|         +--- org.springframework:spring-core:5.0.8.RELEASE (*)
|         \--- org.springframework:spring-tx:5.0.8.RELEASE
|              +--- org.springframework:spring-beans:5.0.8.RELEASE (*)
|              \--- org.springframework:spring-core:5.0.8.RELEASE (*)
\--- org.springframework.boot:spring-boot-starter-data-jpa:+ -> 2.0.4.RELEASE
     +--- org.springframework.boot:spring-boot-starter:2.0.4.RELEASE (*)
     +--- org.springframework.boot:spring-boot-starter-aop:2.0.4.RELEASE
     |    +--- org.springframework.boot:spring-boot-starter:2.0.4.RELEASE (*)
     |    +--- org.springframework:spring-aop:5.0.8.RELEASE (*)
     |    \--- org.aspectj:aspectjweaver:1.8.13
     +--- org.springframework.boot:spring-boot-starter-jdbc:2.0.4.RELEASE (*)
     +--- org.hibernate:hibernate-core:5.2.17.Final
     |    +--- org.jboss.logging:jboss-logging:3.3.1.Final
     |    +--- org.hibernate.javax.persistence:hibernate-jpa-2.1-api:1.0.0.Final
     |    +--- org.javassist:javassist:3.22.0-GA
     |    +--- antlr:antlr:2.7.7
     |    +--- org.jboss:jandex:2.0.3.Final
     |    +--- com.fasterxml:classmate:1.3.0
     |    +--- dom4j:dom4j:1.6.1
     |    \--- org.hibernate.common:hibernate-commons-annotations:5.0.1.Final
     |         \--- org.jboss.logging:jboss-logging:3.3.0.Final -> 3.3.1.Final
     +--- javax.transaction:javax.transaction-api:1.2
     +--- org.springframework.data:spring-data-jpa:2.0.9.RELEASE
     |    +--- org.springframework.data:spring-data-commons:2.0.9.RELEASE
     |    |    +--- org.springframework:spring-core:5.0.8.RELEASE (*)
     |    |    +--- org.springframework:spring-beans:5.0.8.RELEASE (*)
     |    |    \--- org.slf4j:slf4j-api:1.7.25
     |    +--- org.springframework:spring-orm:5.0.8.RELEASE
     |    |    +--- org.springframework:spring-beans:5.0.8.RELEASE (*)
     |    |    +--- org.springframework:spring-core:5.0.8.RELEASE (*)
     |    |    +--- org.springframework:spring-jdbc:5.0.8.RELEASE (*)
     |    |    \--- org.springframework:spring-tx:5.0.8.RELEASE (*)
     |    +--- org.springframework:spring-context:5.0.8.RELEASE (*)
     |    +--- org.springframework:spring-aop:5.0.8.RELEASE (*)
     |    +--- org.springframework:spring-tx:5.0.8.RELEASE (*)
     |    +--- org.springframework:spring-beans:5.0.8.RELEASE (*)
     |    +--- org.springframework:spring-core:5.0.8.RELEASE (*)
     |    \--- org.slf4j:slf4j-api:1.7.25
     \--- org.springframework:spring-aspects:5.0.8.RELEASE
          \--- org.aspectj:aspectjweaver:1.8.13

compileClasspath - Compile classpath for source set 'main'.
+--- org.springframework.boot:spring-boot-starter-jdbc:+ -> 2.0.4.RELEASE
|    +--- org.springframework.boot:spring-boot-starter:2.0.4.RELEASE
|    |    +--- org.springframework.boot:spring-boot:2.0.4.RELEASE
|    |    |    +--- org.springframework:spring-core:5.0.8.RELEASE
|    |    |    |    \--- org.springframework:spring-jcl:5.0.8.RELEASE
|    |    |    \--- org.springframework:spring-context:5.0.8.RELEASE
|    |    |         +--- org.springframework:spring-aop:5.0.8.RELEASE
|    |    |         |    +--- org.springframework:spring-beans:5.0.8.RELEASE
|    |    |         |    |    \--- org.springframework:spring-core:5.0.8.RELEASE (*)
|    |    |         |    \--- org.springframework:spring-core:5.0.8.RELEASE (*)
|    |    |         +--- org.springframework:spring-beans:5.0.8.RELEASE (*)
|    |    |         +--- org.springframework:spring-core:5.0.8.RELEASE (*)
|    |    |         \--- org.springframework:spring-expression:5.0.8.RELEASE
|    |    |              \--- org.springframework:spring-core:5.0.8.RELEASE (*)
|    |    +--- org.springframework.boot:spring-boot-autoconfigure:2.0.4.RELEASE
|    |    |    \--- org.springframework.boot:spring-boot:2.0.4.RELEASE (*)
|    |    +--- org.springframework.boot:spring-boot-starter-logging:2.0.4.RELEASE
|    |    |    +--- ch.qos.logback:logback-classic:1.2.3
|    |    |    |    +--- ch.qos.logback:logback-core:1.2.3
|    |    |    |    \--- org.slf4j:slf4j-api:1.7.25
|    |    |    +--- org.apache.logging.log4j:log4j-to-slf4j:2.10.0
|    |    |    |    +--- org.slf4j:slf4j-api:1.7.25
|    |    |    |    \--- org.apache.logging.log4j:log4j-api:2.10.0
|    |    |    \--- org.slf4j:jul-to-slf4j:1.7.25
|    |    |         \--- org.slf4j:slf4j-api:1.7.25
|    |    +--- javax.annotation:javax.annotation-api:1.3.2
|    |    +--- org.springframework:spring-core:5.0.8.RELEASE (*)
|    |    \--- org.yaml:snakeyaml:1.19
|    +--- com.zaxxer:HikariCP:2.7.9
|    |    \--- org.slf4j:slf4j-api:1.7.25
|    \--- org.springframework:spring-jdbc:5.0.8.RELEASE
|         +--- org.springframework:spring-beans:5.0.8.RELEASE (*)
|         +--- org.springframework:spring-core:5.0.8.RELEASE (*)
|         \--- org.springframework:spring-tx:5.0.8.RELEASE
|              +--- org.springframework:spring-beans:5.0.8.RELEASE (*)
|              \--- org.springframework:spring-core:5.0.8.RELEASE (*)
+--- org.springframework.boot:spring-boot-starter-data-jpa:+ -> 2.0.4.RELEASE
|    +--- org.springframework.boot:spring-boot-starter:2.0.4.RELEASE (*)
|    +--- org.springframework.boot:spring-boot-starter-aop:2.0.4.RELEASE
|    |    +--- org.springframework.boot:spring-boot-starter:2.0.4.RELEASE (*)
|    |    +--- org.springframework:spring-aop:5.0.8.RELEASE (*)
|    |    \--- org.aspectj:aspectjweaver:1.8.13
|    +--- org.springframework.boot:spring-boot-starter-jdbc:2.0.4.RELEASE (*)
|    +--- org.hibernate:hibernate-core:5.2.17.Final
|    |    +--- org.jboss.logging:jboss-logging:3.3.1.Final
|    |    +--- org.hibernate.javax.persistence:hibernate-jpa-2.1-api:1.0.0.Final
|    |    +--- org.javassist:javassist:3.22.0-GA
|    |    +--- antlr:antlr:2.7.7
|    |    +--- org.jboss:jandex:2.0.3.Final
|    |    +--- com.fasterxml:classmate:1.3.0
|    |    +--- dom4j:dom4j:1.6.1
|    |    \--- org.hibernate.common:hibernate-commons-annotations:5.0.1.Final
|    |         \--- org.jboss.logging:jboss-logging:3.3.0.Final -> 3.3.1.Final
|    +--- javax.transaction:javax.transaction-api:1.2
|    +--- org.springframework.data:spring-data-jpa:2.0.9.RELEASE
|    |    +--- org.springframework.data:spring-data-commons:2.0.9.RELEASE
|    |    |    +--- org.springframework:spring-core:5.0.8.RELEASE (*)
|    |    |    +--- org.springframework:spring-beans:5.0.8.RELEASE (*)
|    |    |    \--- org.slf4j:slf4j-api:1.7.25
|    |    +--- org.springframework:spring-orm:5.0.8.RELEASE
|    |    |    +--- org.springframework:spring-beans:5.0.8.RELEASE (*)
|    |    |    +--- org.springframework:spring-core:5.0.8.RELEASE (*)
|    |    |    +--- org.springframework:spring-jdbc:5.0.8.RELEASE (*)
|    |    |    \--- org.springframework:spring-tx:5.0.8.RELEASE (*)
|    |    +--- org.springframework:spring-context:5.0.8.RELEASE (*)
|    |    +--- org.springframework:spring-aop:5.0.8.RELEASE (*)
|    |    +--- org.springframework:spring-tx:5.0.8.RELEASE (*)
|    |    +--- org.springframework:spring-beans:5.0.8.RELEASE (*)
|    |    +--- org.springframework:spring-core:5.0.8.RELEASE (*)
|    |    \--- org.slf4j:slf4j-api:1.7.25
|    \--- org.springframework:spring-aspects:5.0.8.RELEASE
|         \--- org.aspectj:aspectjweaver:1.8.13
\--- org.projectlombok:lombok:1.18.2

compileOnly - Compile only dependencies for source set 'main'.
\--- org.projectlombok:lombok:1.18.2

default - Configuration for default artifacts.
+--- org.springframework.boot:spring-boot-starter-jdbc:+ -> 2.0.4.RELEASE
|    +--- org.springframework.boot:spring-boot-starter:2.0.4.RELEASE
|    |    +--- org.springframework.boot:spring-boot:2.0.4.RELEASE
|    |    |    +--- org.springframework:spring-core:5.0.8.RELEASE
|    |    |    |    \--- org.springframework:spring-jcl:5.0.8.RELEASE
|    |    |    \--- org.springframework:spring-context:5.0.8.RELEASE
|    |    |         +--- org.springframework:spring-aop:5.0.8.RELEASE
|    |    |         |    +--- org.springframework:spring-beans:5.0.8.RELEASE
|    |    |         |    |    \--- org.springframework:spring-core:5.0.8.RELEASE (*)
|    |    |         |    \--- org.springframework:spring-core:5.0.8.RELEASE (*)
|    |    |         +--- org.springframework:spring-beans:5.0.8.RELEASE (*)
|    |    |         +--- org.springframework:spring-core:5.0.8.RELEASE (*)
|    |    |         \--- org.springframework:spring-expression:5.0.8.RELEASE
|    |    |              \--- org.springframework:spring-core:5.0.8.RELEASE (*)
|    |    +--- org.springframework.boot:spring-boot-autoconfigure:2.0.4.RELEASE
|    |    |    \--- org.springframework.boot:spring-boot:2.0.4.RELEASE (*)
|    |    +--- org.springframework.boot:spring-boot-starter-logging:2.0.4.RELEASE
|    |    |    +--- ch.qos.logback:logback-classic:1.2.3
|    |    |    |    +--- ch.qos.logback:logback-core:1.2.3
|    |    |    |    \--- org.slf4j:slf4j-api:1.7.25
|    |    |    +--- org.apache.logging.log4j:log4j-to-slf4j:2.10.0
|    |    |    |    +--- org.slf4j:slf4j-api:1.7.25
|    |    |    |    \--- org.apache.logging.log4j:log4j-api:2.10.0
|    |    |    \--- org.slf4j:jul-to-slf4j:1.7.25
|    |    |         \--- org.slf4j:slf4j-api:1.7.25
|    |    +--- javax.annotation:javax.annotation-api:1.3.2
|    |    +--- org.springframework:spring-core:5.0.8.RELEASE (*)
|    |    \--- org.yaml:snakeyaml:1.19
|    +--- com.zaxxer:HikariCP:2.7.9
|    |    \--- org.slf4j:slf4j-api:1.7.25
|    \--- org.springframework:spring-jdbc:5.0.8.RELEASE
|         +--- org.springframework:spring-beans:5.0.8.RELEASE (*)
|         +--- org.springframework:spring-core:5.0.8.RELEASE (*)
|         \--- org.springframework:spring-tx:5.0.8.RELEASE
|              +--- org.springframework:spring-beans:5.0.8.RELEASE (*)
|              \--- org.springframework:spring-core:5.0.8.RELEASE (*)
\--- org.springframework.boot:spring-boot-starter-data-jpa:+ -> 2.0.4.RELEASE
     +--- org.springframework.boot:spring-boot-starter:2.0.4.RELEASE (*)
     +--- org.springframework.boot:spring-boot-starter-aop:2.0.4.RELEASE
     |    +--- org.springframework.boot:spring-boot-starter:2.0.4.RELEASE (*)
     |    +--- org.springframework:spring-aop:5.0.8.RELEASE (*)
     |    \--- org.aspectj:aspectjweaver:1.8.13
     +--- org.springframework.boot:spring-boot-starter-jdbc:2.0.4.RELEASE (*)
     +--- org.hibernate:hibernate-core:5.2.17.Final
     |    +--- org.jboss.logging:jboss-logging:3.3.1.Final
     |    +--- org.hibernate.javax.persistence:hibernate-jpa-2.1-api:1.0.0.Final
     |    +--- org.javassist:javassist:3.22.0-GA
     |    +--- antlr:antlr:2.7.7
     |    +--- org.jboss:jandex:2.0.3.Final
     |    +--- com.fasterxml:classmate:1.3.0
     |    +--- dom4j:dom4j:1.6.1
     |    \--- org.hibernate.common:hibernate-commons-annotations:5.0.1.Final
     |         \--- org.jboss.logging:jboss-logging:3.3.0.Final -> 3.3.1.Final
     +--- javax.transaction:javax.transaction-api:1.2
     +--- org.springframework.data:spring-data-jpa:2.0.9.RELEASE
     |    +--- org.springframework.data:spring-data-commons:2.0.9.RELEASE
     |    |    +--- org.springframework:spring-core:5.0.8.RELEASE (*)
     |    |    +--- org.springframework:spring-beans:5.0.8.RELEASE (*)
     |    |    \--- org.slf4j:slf4j-api:1.7.25
     |    +--- org.springframework:spring-orm:5.0.8.RELEASE
     |    |    +--- org.springframework:spring-beans:5.0.8.RELEASE (*)
     |    |    +--- org.springframework:spring-core:5.0.8.RELEASE (*)
     |    |    +--- org.springframework:spring-jdbc:5.0.8.RELEASE (*)
     |    |    \--- org.springframework:spring-tx:5.0.8.RELEASE (*)
     |    +--- org.springframework:spring-context:5.0.8.RELEASE (*)
     |    +--- org.springframework:spring-aop:5.0.8.RELEASE (*)
     |    +--- org.springframework:spring-tx:5.0.8.RELEASE (*)
     |    +--- org.springframework:spring-beans:5.0.8.RELEASE (*)
     |    +--- org.springframework:spring-core:5.0.8.RELEASE (*)
     |    \--- org.slf4j:slf4j-api:1.7.25
     \--- org.springframework:spring-aspects:5.0.8.RELEASE
          \--- org.aspectj:aspectjweaver:1.8.13

implementation - Implementation only dependencies for source set 'main'. (n)
No dependencies

runtime - Runtime dependencies for source set 'main' (deprecated, use 'runtimeOnly ' instead).
+--- org.springframework.boot:spring-boot-starter-jdbc:+ -> 2.0.4.RELEASE
|    +--- org.springframework.boot:spring-boot-starter:2.0.4.RELEASE
|    |    +--- org.springframework.boot:spring-boot:2.0.4.RELEASE
|    |    |    +--- org.springframework:spring-core:5.0.8.RELEASE
|    |    |    |    \--- org.springframework:spring-jcl:5.0.8.RELEASE
|    |    |    \--- org.springframework:spring-context:5.0.8.RELEASE
|    |    |         +--- org.springframework:spring-aop:5.0.8.RELEASE
|    |    |         |    +--- org.springframework:spring-beans:5.0.8.RELEASE
|    |    |         |    |    \--- org.springframework:spring-core:5.0.8.RELEASE (*)
|    |    |         |    \--- org.springframework:spring-core:5.0.8.RELEASE (*)
|    |    |         +--- org.springframework:spring-beans:5.0.8.RELEASE (*)
|    |    |         +--- org.springframework:spring-core:5.0.8.RELEASE (*)
|    |    |         \--- org.springframework:spring-expression:5.0.8.RELEASE
|    |    |              \--- org.springframework:spring-core:5.0.8.RELEASE (*)
|    |    +--- org.springframework.boot:spring-boot-autoconfigure:2.0.4.RELEASE
|    |    |    \--- org.springframework.boot:spring-boot:2.0.4.RELEASE (*)
|    |    +--- org.springframework.boot:spring-boot-starter-logging:2.0.4.RELEASE
|    |    |    +--- ch.qos.logback:logback-classic:1.2.3
|    |    |    |    +--- ch.qos.logback:logback-core:1.2.3
|    |    |    |    \--- org.slf4j:slf4j-api:1.7.25
|    |    |    +--- org.apache.logging.log4j:log4j-to-slf4j:2.10.0
|    |    |    |    +--- org.slf4j:slf4j-api:1.7.25
|    |    |    |    \--- org.apache.logging.log4j:log4j-api:2.10.0
|    |    |    \--- org.slf4j:jul-to-slf4j:1.7.25
|    |    |         \--- org.slf4j:slf4j-api:1.7.25
|    |    +--- javax.annotation:javax.annotation-api:1.3.2
|    |    +--- org.springframework:spring-core:5.0.8.RELEASE (*)
|    |    \--- org.yaml:snakeyaml:1.19
|    +--- com.zaxxer:HikariCP:2.7.9
|    |    \--- org.slf4j:slf4j-api:1.7.25
|    \--- org.springframework:spring-jdbc:5.0.8.RELEASE
|         +--- org.springframework:spring-beans:5.0.8.RELEASE (*)
|         +--- org.springframework:spring-core:5.0.8.RELEASE (*)
|         \--- org.springframework:spring-tx:5.0.8.RELEASE
|              +--- org.springframework:spring-beans:5.0.8.RELEASE (*)
|              \--- org.springframework:spring-core:5.0.8.RELEASE (*)
\--- org.springframework.boot:spring-boot-starter-data-jpa:+ -> 2.0.4.RELEASE
     +--- org.springframework.boot:spring-boot-starter:2.0.4.RELEASE (*)
     +--- org.springframework.boot:spring-boot-starter-aop:2.0.4.RELEASE
     |    +--- org.springframework.boot:spring-boot-starter:2.0.4.RELEASE (*)
     |    +--- org.springframework:spring-aop:5.0.8.RELEASE (*)
     |    \--- org.aspectj:aspectjweaver:1.8.13
     +--- org.springframework.boot:spring-boot-starter-jdbc:2.0.4.RELEASE (*)
     +--- org.hibernate:hibernate-core:5.2.17.Final
     |    +--- org.jboss.logging:jboss-logging:3.3.1.Final
     |    +--- org.hibernate.javax.persistence:hibernate-jpa-2.1-api:1.0.0.Final
     |    +--- org.javassist:javassist:3.22.0-GA
     |    +--- antlr:antlr:2.7.7
     |    +--- org.jboss:jandex:2.0.3.Final
     |    +--- com.fasterxml:classmate:1.3.0
     |    +--- dom4j:dom4j:1.6.1
     |    \--- org.hibernate.common:hibernate-commons-annotations:5.0.1.Final
     |         \--- org.jboss.logging:jboss-logging:3.3.0.Final -> 3.3.1.Final
     +--- javax.transaction:javax.transaction-api:1.2
     +--- org.springframework.data:spring-data-jpa:2.0.9.RELEASE
     |    +--- org.springframework.data:spring-data-commons:2.0.9.RELEASE
     |    |    +--- org.springframework:spring-core:5.0.8.RELEASE (*)
     |    |    +--- org.springframework:spring-beans:5.0.8.RELEASE (*)
     |    |    \--- org.slf4j:slf4j-api:1.7.25
     |    +--- org.springframework:spring-orm:5.0.8.RELEASE
     |    |    +--- org.springframework:spring-beans:5.0.8.RELEASE (*)
     |    |    +--- org.springframework:spring-core:5.0.8.RELEASE (*)
     |    |    +--- org.springframework:spring-jdbc:5.0.8.RELEASE (*)
     |    |    \--- org.springframework:spring-tx:5.0.8.RELEASE (*)
     |    +--- org.springframework:spring-context:5.0.8.RELEASE (*)
     |    +--- org.springframework:spring-aop:5.0.8.RELEASE (*)
     |    +--- org.springframework:spring-tx:5.0.8.RELEASE (*)
     |    +--- org.springframework:spring-beans:5.0.8.RELEASE (*)
     |    +--- org.springframework:spring-core:5.0.8.RELEASE (*)
     |    \--- org.slf4j:slf4j-api:1.7.25
     \--- org.springframework:spring-aspects:5.0.8.RELEASE
          \--- org.aspectj:aspectjweaver:1.8.13

runtimeClasspath - Runtime classpath of source set 'main'.
+--- org.springframework.boot:spring-boot-starter-jdbc:+ -> 2.0.4.RELEASE
|    +--- org.springframework.boot:spring-boot-starter:2.0.4.RELEASE
|    |    +--- org.springframework.boot:spring-boot:2.0.4.RELEASE
|    |    |    +--- org.springframework:spring-core:5.0.8.RELEASE
|    |    |    |    \--- org.springframework:spring-jcl:5.0.8.RELEASE
|    |    |    \--- org.springframework:spring-context:5.0.8.RELEASE
|    |    |         +--- org.springframework:spring-aop:5.0.8.RELEASE
|    |    |         |    +--- org.springframework:spring-beans:5.0.8.RELEASE
|    |    |         |    |    \--- org.springframework:spring-core:5.0.8.RELEASE (*)
|    |    |         |    \--- org.springframework:spring-core:5.0.8.RELEASE (*)
|    |    |         +--- org.springframework:spring-beans:5.0.8.RELEASE (*)
|    |    |         +--- org.springframework:spring-core:5.0.8.RELEASE (*)
|    |    |         \--- org.springframework:spring-expression:5.0.8.RELEASE
|    |    |              \--- org.springframework:spring-core:5.0.8.RELEASE (*)
|    |    +--- org.springframework.boot:spring-boot-autoconfigure:2.0.4.RELEASE
|    |    |    \--- org.springframework.boot:spring-boot:2.0.4.RELEASE (*)
|    |    +--- org.springframework.boot:spring-boot-starter-logging:2.0.4.RELEASE
|    |    |    +--- ch.qos.logback:logback-classic:1.2.3
|    |    |    |    +--- ch.qos.logback:logback-core:1.2.3
|    |    |    |    \--- org.slf4j:slf4j-api:1.7.25
|    |    |    +--- org.apache.logging.log4j:log4j-to-slf4j:2.10.0
|    |    |    |    +--- org.slf4j:slf4j-api:1.7.25
|    |    |    |    \--- org.apache.logging.log4j:log4j-api:2.10.0
|    |    |    \--- org.slf4j:jul-to-slf4j:1.7.25
|    |    |         \--- org.slf4j:slf4j-api:1.7.25
|    |    +--- javax.annotation:javax.annotation-api:1.3.2
|    |    +--- org.springframework:spring-core:5.0.8.RELEASE (*)
|    |    \--- org.yaml:snakeyaml:1.19
|    +--- com.zaxxer:HikariCP:2.7.9
|    |    \--- org.slf4j:slf4j-api:1.7.25
|    \--- org.springframework:spring-jdbc:5.0.8.RELEASE
|         +--- org.springframework:spring-beans:5.0.8.RELEASE (*)
|         +--- org.springframework:spring-core:5.0.8.RELEASE (*)
|         \--- org.springframework:spring-tx:5.0.8.RELEASE
|              +--- org.springframework:spring-beans:5.0.8.RELEASE (*)
|              \--- org.springframework:spring-core:5.0.8.RELEASE (*)
\--- org.springframework.boot:spring-boot-starter-data-jpa:+ -> 2.0.4.RELEASE
     +--- org.springframework.boot:spring-boot-starter:2.0.4.RELEASE (*)
     +--- org.springframework.boot:spring-boot-starter-aop:2.0.4.RELEASE
     |    +--- org.springframework.boot:spring-boot-starter:2.0.4.RELEASE (*)
     |    +--- org.springframework:spring-aop:5.0.8.RELEASE (*)
     |    \--- org.aspectj:aspectjweaver:1.8.13
     +--- org.springframework.boot:spring-boot-starter-jdbc:2.0.4.RELEASE (*)
     +--- org.hibernate:hibernate-core:5.2.17.Final
     |    +--- org.jboss.logging:jboss-logging:3.3.1.Final
     |    +--- org.hibernate.javax.persistence:hibernate-jpa-2.1-api:1.0.0.Final
     |    +--- org.javassist:javassist:3.22.0-GA
     |    +--- antlr:antlr:2.7.7
     |    +--- org.jboss:jandex:2.0.3.Final
     |    +--- com.fasterxml:classmate:1.3.0
     |    +--- dom4j:dom4j:1.6.1
     |    \--- org.hibernate.common:hibernate-commons-annotations:5.0.1.Final
     |         \--- org.jboss.logging:jboss-logging:3.3.0.Final -> 3.3.1.Final
     +--- javax.transaction:javax.transaction-api:1.2
     +--- org.springframework.data:spring-data-jpa:2.0.9.RELEASE
     |    +--- org.springframework.data:spring-data-commons:2.0.9.RELEASE
     |    |    +--- org.springframework:spring-core:5.0.8.RELEASE (*)
     |    |    +--- org.springframework:spring-beans:5.0.8.RELEASE (*)
     |    |    \--- org.slf4j:slf4j-api:1.7.25
     |    +--- org.springframework:spring-orm:5.0.8.RELEASE
     |    |    +--- org.springframework:spring-beans:5.0.8.RELEASE (*)
     |    |    +--- org.springframework:spring-core:5.0.8.RELEASE (*)
     |    |    +--- org.springframework:spring-jdbc:5.0.8.RELEASE (*)
     |    |    \--- org.springframework:spring-tx:5.0.8.RELEASE (*)
     |    +--- org.springframework:spring-context:5.0.8.RELEASE (*)
     |    +--- org.springframework:spring-aop:5.0.8.RELEASE (*)
     |    +--- org.springframework:spring-tx:5.0.8.RELEASE (*)
     |    +--- org.springframework:spring-beans:5.0.8.RELEASE (*)
     |    +--- org.springframework:spring-core:5.0.8.RELEASE (*)
     |    \--- org.slf4j:slf4j-api:1.7.25
     \--- org.springframework:spring-aspects:5.0.8.RELEASE
          \--- org.aspectj:aspectjweaver:1.8.13

runtimeElements - Elements of runtime for main. (n)
No dependencies

runtimeOnly - Runtime only dependencies for source set 'main'. (n)
No dependencies

testAnnotationProcessor - Annotation processors and their dependencies for source set 'test'.
No dependencies

testCompile - Dependencies for source set 'test' (deprecated, use 'testImplementation ' instead).
+--- org.springframework.boot:spring-boot-starter-jdbc:+ -> 2.0.4.RELEASE
|    +--- org.springframework.boot:spring-boot-starter:2.0.4.RELEASE
|    |    +--- org.springframework.boot:spring-boot:2.0.4.RELEASE
|    |    |    +--- org.springframework:spring-core:5.0.8.RELEASE
|    |    |    |    \--- org.springframework:spring-jcl:5.0.8.RELEASE
|    |    |    \--- org.springframework:spring-context:5.0.8.RELEASE
|    |    |         +--- org.springframework:spring-aop:5.0.8.RELEASE
|    |    |         |    +--- org.springframework:spring-beans:5.0.8.RELEASE
|    |    |         |    |    \--- org.springframework:spring-core:5.0.8.RELEASE (*)
|    |    |         |    \--- org.springframework:spring-core:5.0.8.RELEASE (*)
|    |    |         +--- org.springframework:spring-beans:5.0.8.RELEASE (*)
|    |    |         +--- org.springframework:spring-core:5.0.8.RELEASE (*)
|    |    |         \--- org.springframework:spring-expression:5.0.8.RELEASE
|    |    |              \--- org.springframework:spring-core:5.0.8.RELEASE (*)
|    |    +--- org.springframework.boot:spring-boot-autoconfigure:2.0.4.RELEASE
|    |    |    \--- org.springframework.boot:spring-boot:2.0.4.RELEASE (*)
|    |    +--- org.springframework.boot:spring-boot-starter-logging:2.0.4.RELEASE
|    |    |    +--- ch.qos.logback:logback-classic:1.2.3
|    |    |    |    +--- ch.qos.logback:logback-core:1.2.3
|    |    |    |    \--- org.slf4j:slf4j-api:1.7.25
|    |    |    +--- org.apache.logging.log4j:log4j-to-slf4j:2.10.0
|    |    |    |    +--- org.slf4j:slf4j-api:1.7.25
|    |    |    |    \--- org.apache.logging.log4j:log4j-api:2.10.0
|    |    |    \--- org.slf4j:jul-to-slf4j:1.7.25
|    |    |         \--- org.slf4j:slf4j-api:1.7.25
|    |    +--- javax.annotation:javax.annotation-api:1.3.2
|    |    +--- org.springframework:spring-core:5.0.8.RELEASE (*)
|    |    \--- org.yaml:snakeyaml:1.19
|    +--- com.zaxxer:HikariCP:2.7.9
|    |    \--- org.slf4j:slf4j-api:1.7.25
|    \--- org.springframework:spring-jdbc:5.0.8.RELEASE
|         +--- org.springframework:spring-beans:5.0.8.RELEASE (*)
|         +--- org.springframework:spring-core:5.0.8.RELEASE (*)
|         \--- org.springframework:spring-tx:5.0.8.RELEASE
|              +--- org.springframework:spring-beans:5.0.8.RELEASE (*)
|              \--- org.springframework:spring-core:5.0.8.RELEASE (*)
\--- org.springframework.boot:spring-boot-starter-data-jpa:+ -> 2.0.4.RELEASE
     +--- org.springframework.boot:spring-boot-starter:2.0.4.RELEASE (*)
     +--- org.springframework.boot:spring-boot-starter-aop:2.0.4.RELEASE
     |    +--- org.springframework.boot:spring-boot-starter:2.0.4.RELEASE (*)
     |    +--- org.springframework:spring-aop:5.0.8.RELEASE (*)
     |    \--- org.aspectj:aspectjweaver:1.8.13
     +--- org.springframework.boot:spring-boot-starter-jdbc:2.0.4.RELEASE (*)
     +--- org.hibernate:hibernate-core:5.2.17.Final
     |    +--- org.jboss.logging:jboss-logging:3.3.1.Final
     |    +--- org.hibernate.javax.persistence:hibernate-jpa-2.1-api:1.0.0.Final
     |    +--- org.javassist:javassist:3.22.0-GA
     |    +--- antlr:antlr:2.7.7
     |    +--- org.jboss:jandex:2.0.3.Final
     |    +--- com.fasterxml:classmate:1.3.0
     |    +--- dom4j:dom4j:1.6.1
     |    \--- org.hibernate.common:hibernate-commons-annotations:5.0.1.Final
     |         \--- org.jboss.logging:jboss-logging:3.3.0.Final -> 3.3.1.Final
     +--- javax.transaction:javax.transaction-api:1.2
     +--- org.springframework.data:spring-data-jpa:2.0.9.RELEASE
     |    +--- org.springframework.data:spring-data-commons:2.0.9.RELEASE
     |    |    +--- org.springframework:spring-core:5.0.8.RELEASE (*)
     |    |    +--- org.springframework:spring-beans:5.0.8.RELEASE (*)
     |    |    \--- org.slf4j:slf4j-api:1.7.25
     |    +--- org.springframework:spring-orm:5.0.8.RELEASE
     |    |    +--- org.springframework:spring-beans:5.0.8.RELEASE (*)
     |    |    +--- org.springframework:spring-core:5.0.8.RELEASE (*)
     |    |    +--- org.springframework:spring-jdbc:5.0.8.RELEASE (*)
     |    |    \--- org.springframework:spring-tx:5.0.8.RELEASE (*)
     |    +--- org.springframework:spring-context:5.0.8.RELEASE (*)
     |    +--- org.springframework:spring-aop:5.0.8.RELEASE (*)
     |    +--- org.springframework:spring-tx:5.0.8.RELEASE (*)
     |    +--- org.springframework:spring-beans:5.0.8.RELEASE (*)
     |    +--- org.springframework:spring-core:5.0.8.RELEASE (*)
     |    \--- org.slf4j:slf4j-api:1.7.25
     \--- org.springframework:spring-aspects:5.0.8.RELEASE
          \--- org.aspectj:aspectjweaver:1.8.13

testCompileClasspath - Compile classpath for source set 'test'.
+--- org.springframework.boot:spring-boot-starter-jdbc:+ -> 2.0.4.RELEASE
|    +--- org.springframework.boot:spring-boot-starter:2.0.4.RELEASE
|    |    +--- org.springframework.boot:spring-boot:2.0.4.RELEASE
|    |    |    +--- org.springframework:spring-core:5.0.8.RELEASE
|    |    |    |    \--- org.springframework:spring-jcl:5.0.8.RELEASE
|    |    |    \--- org.springframework:spring-context:5.0.8.RELEASE
|    |    |         +--- org.springframework:spring-aop:5.0.8.RELEASE
|    |    |         |    +--- org.springframework:spring-beans:5.0.8.RELEASE
|    |    |         |    |    \--- org.springframework:spring-core:5.0.8.RELEASE (*)
|    |    |         |    \--- org.springframework:spring-core:5.0.8.RELEASE (*)
|    |    |         +--- org.springframework:spring-beans:5.0.8.RELEASE (*)
|    |    |         +--- org.springframework:spring-core:5.0.8.RELEASE (*)
|    |    |         \--- org.springframework:spring-expression:5.0.8.RELEASE
|    |    |              \--- org.springframework:spring-core:5.0.8.RELEASE (*)
|    |    +--- org.springframework.boot:spring-boot-autoconfigure:2.0.4.RELEASE
|    |    |    \--- org.springframework.boot:spring-boot:2.0.4.RELEASE (*)
|    |    +--- org.springframework.boot:spring-boot-starter-logging:2.0.4.RELEASE
|    |    |    +--- ch.qos.logback:logback-classic:1.2.3
|    |    |    |    +--- ch.qos.logback:logback-core:1.2.3
|    |    |    |    \--- org.slf4j:slf4j-api:1.7.25
|    |    |    +--- org.apache.logging.log4j:log4j-to-slf4j:2.10.0
|    |    |    |    +--- org.slf4j:slf4j-api:1.7.25
|    |    |    |    \--- org.apache.logging.log4j:log4j-api:2.10.0
|    |    |    \--- org.slf4j:jul-to-slf4j:1.7.25
|    |    |         \--- org.slf4j:slf4j-api:1.7.25
|    |    +--- javax.annotation:javax.annotation-api:1.3.2
|    |    +--- org.springframework:spring-core:5.0.8.RELEASE (*)
|    |    \--- org.yaml:snakeyaml:1.19
|    +--- com.zaxxer:HikariCP:2.7.9
|    |    \--- org.slf4j:slf4j-api:1.7.25
|    \--- org.springframework:spring-jdbc:5.0.8.RELEASE
|         +--- org.springframework:spring-beans:5.0.8.RELEASE (*)
|         +--- org.springframework:spring-core:5.0.8.RELEASE (*)
|         \--- org.springframework:spring-tx:5.0.8.RELEASE
|              +--- org.springframework:spring-beans:5.0.8.RELEASE (*)
|              \--- org.springframework:spring-core:5.0.8.RELEASE (*)
\--- org.springframework.boot:spring-boot-starter-data-jpa:+ -> 2.0.4.RELEASE
     +--- org.springframework.boot:spring-boot-starter:2.0.4.RELEASE (*)
     +--- org.springframework.boot:spring-boot-starter-aop:2.0.4.RELEASE
     |    +--- org.springframework.boot:spring-boot-starter:2.0.4.RELEASE (*)
     |    +--- org.springframework:spring-aop:5.0.8.RELEASE (*)
     |    \--- org.aspectj:aspectjweaver:1.8.13
     +--- org.springframework.boot:spring-boot-starter-jdbc:2.0.4.RELEASE (*)
     +--- org.hibernate:hibernate-core:5.2.17.Final
     |    +--- org.jboss.logging:jboss-logging:3.3.1.Final
     |    +--- org.hibernate.javax.persistence:hibernate-jpa-2.1-api:1.0.0.Final
     |    +--- org.javassist:javassist:3.22.0-GA
     |    +--- antlr:antlr:2.7.7
     |    +--- org.jboss:jandex:2.0.3.Final
     |    +--- com.fasterxml:classmate:1.3.0
     |    +--- dom4j:dom4j:1.6.1
     |    \--- org.hibernate.common:hibernate-commons-annotations:5.0.1.Final
     |         \--- org.jboss.logging:jboss-logging:3.3.0.Final -> 3.3.1.Final
     +--- javax.transaction:javax.transaction-api:1.2
     +--- org.springframework.data:spring-data-jpa:2.0.9.RELEASE
     |    +--- org.springframework.data:spring-data-commons:2.0.9.RELEASE
     |    |    +--- org.springframework:spring-core:5.0.8.RELEASE (*)
     |    |    +--- org.springframework:spring-beans:5.0.8.RELEASE (*)
     |    |    \--- org.slf4j:slf4j-api:1.7.25
     |    +--- org.springframework:spring-orm:5.0.8.RELEASE
     |    |    +--- org.springframework:spring-beans:5.0.8.RELEASE (*)
     |    |    +--- org.springframework:spring-core:5.0.8.RELEASE (*)
     |    |    +--- org.springframework:spring-jdbc:5.0.8.RELEASE (*)
     |    |    \--- org.springframework:spring-tx:5.0.8.RELEASE (*)
     |    +--- org.springframework:spring-context:5.0.8.RELEASE (*)
     |    +--- org.springframework:spring-aop:5.0.8.RELEASE (*)
     |    +--- org.springframework:spring-tx:5.0.8.RELEASE (*)
     |    +--- org.springframework:spring-beans:5.0.8.RELEASE (*)
     |    +--- org.springframework:spring-core:5.0.8.RELEASE (*)
     |    \--- org.slf4j:slf4j-api:1.7.25
     \--- org.springframework:spring-aspects:5.0.8.RELEASE
          \--- org.aspectj:aspectjweaver:1.8.13

testCompileOnly - Compile only dependencies for source set 'test'.
No dependencies

testImplementation - Implementation only dependencies for source set 'test'. (n)
No dependencies

testRuntime - Runtime dependencies for source set 'test' (deprecated, use 'testRuntimeOnly ' instead).
+--- org.springframework.boot:spring-boot-starter-jdbc:+ -> 2.0.4.RELEASE
|    +--- org.springframework.boot:spring-boot-starter:2.0.4.RELEASE
|    |    +--- org.springframework.boot:spring-boot:2.0.4.RELEASE
|    |    |    +--- org.springframework:spring-core:5.0.8.RELEASE
|    |    |    |    \--- org.springframework:spring-jcl:5.0.8.RELEASE
|    |    |    \--- org.springframework:spring-context:5.0.8.RELEASE
|    |    |         +--- org.springframework:spring-aop:5.0.8.RELEASE
|    |    |         |    +--- org.springframework:spring-beans:5.0.8.RELEASE
|    |    |         |    |    \--- org.springframework:spring-core:5.0.8.RELEASE (*)
|    |    |         |    \--- org.springframework:spring-core:5.0.8.RELEASE (*)
|    |    |         +--- org.springframework:spring-beans:5.0.8.RELEASE (*)
|    |    |         +--- org.springframework:spring-core:5.0.8.RELEASE (*)
|    |    |         \--- org.springframework:spring-expression:5.0.8.RELEASE
|    |    |              \--- org.springframework:spring-core:5.0.8.RELEASE (*)
|    |    +--- org.springframework.boot:spring-boot-autoconfigure:2.0.4.RELEASE
|    |    |    \--- org.springframework.boot:spring-boot:2.0.4.RELEASE (*)
|    |    +--- org.springframework.boot:spring-boot-starter-logging:2.0.4.RELEASE
|    |    |    +--- ch.qos.logback:logback-classic:1.2.3
|    |    |    |    +--- ch.qos.logback:logback-core:1.2.3
|    |    |    |    \--- org.slf4j:slf4j-api:1.7.25
|    |    |    +--- org.apache.logging.log4j:log4j-to-slf4j:2.10.0
|    |    |    |    +--- org.slf4j:slf4j-api:1.7.25
|    |    |    |    \--- org.apache.logging.log4j:log4j-api:2.10.0
|    |    |    \--- org.slf4j:jul-to-slf4j:1.7.25
|    |    |         \--- org.slf4j:slf4j-api:1.7.25
|    |    +--- javax.annotation:javax.annotation-api:1.3.2
|    |    +--- org.springframework:spring-core:5.0.8.RELEASE (*)
|    |    \--- org.yaml:snakeyaml:1.19
|    +--- com.zaxxer:HikariCP:2.7.9
|    |    \--- org.slf4j:slf4j-api:1.7.25
|    \--- org.springframework:spring-jdbc:5.0.8.RELEASE
|         +--- org.springframework:spring-beans:5.0.8.RELEASE (*)
|         +--- org.springframework:spring-core:5.0.8.RELEASE (*)
|         \--- org.springframework:spring-tx:5.0.8.RELEASE
|              +--- org.springframework:spring-beans:5.0.8.RELEASE (*)
|              \--- org.springframework:spring-core:5.0.8.RELEASE (*)
\--- org.springframework.boot:spring-boot-starter-data-jpa:+ -> 2.0.4.RELEASE
     +--- org.springframework.boot:spring-boot-starter:2.0.4.RELEASE (*)
     +--- org.springframework.boot:spring-boot-starter-aop:2.0.4.RELEASE
     |    +--- org.springframework.boot:spring-boot-starter:2.0.4.RELEASE (*)
     |    +--- org.springframework:spring-aop:5.0.8.RELEASE (*)
     |    \--- org.aspectj:aspectjweaver:1.8.13
     +--- org.springframework.boot:spring-boot-starter-jdbc:2.0.4.RELEASE (*)
     +--- org.hibernate:hibernate-core:5.2.17.Final
     |    +--- org.jboss.logging:jboss-logging:3.3.1.Final
     |    +--- org.hibernate.javax.persistence:hibernate-jpa-2.1-api:1.0.0.Final
     |    +--- org.javassist:javassist:3.22.0-GA
     |    +--- antlr:antlr:2.7.7
     |    +--- org.jboss:jandex:2.0.3.Final
     |    +--- com.fasterxml:classmate:1.3.0
     |    +--- dom4j:dom4j:1.6.1
     |    \--- org.hibernate.common:hibernate-commons-annotations:5.0.1.Final
     |         \--- org.jboss.logging:jboss-logging:3.3.0.Final -> 3.3.1.Final
     +--- javax.transaction:javax.transaction-api:1.2
     +--- org.springframework.data:spring-data-jpa:2.0.9.RELEASE
     |    +--- org.springframework.data:spring-data-commons:2.0.9.RELEASE
     |    |    +--- org.springframework:spring-core:5.0.8.RELEASE (*)
     |    |    +--- org.springframework:spring-beans:5.0.8.RELEASE (*)
     |    |    \--- org.slf4j:slf4j-api:1.7.25
     |    +--- org.springframework:spring-orm:5.0.8.RELEASE
     |    |    +--- org.springframework:spring-beans:5.0.8.RELEASE (*)
     |    |    +--- org.springframework:spring-core:5.0.8.RELEASE (*)
     |    |    +--- org.springframework:spring-jdbc:5.0.8.RELEASE (*)
     |    |    \--- org.springframework:spring-tx:5.0.8.RELEASE (*)
     |    +--- org.springframework:spring-context:5.0.8.RELEASE (*)
     |    +--- org.springframework:spring-aop:5.0.8.RELEASE (*)
     |    +--- org.springframework:spring-tx:5.0.8.RELEASE (*)
     |    +--- org.springframework:spring-beans:5.0.8.RELEASE (*)
     |    +--- org.springframework:spring-core:5.0.8.RELEASE (*)
     |    \--- org.slf4j:slf4j-api:1.7.25
     \--- org.springframework:spring-aspects:5.0.8.RELEASE
          \--- org.aspectj:aspectjweaver:1.8.13

testRuntimeClasspath - Runtime classpath of source set 'test'.
+--- org.springframework.boot:spring-boot-starter-jdbc:+ -> 2.0.4.RELEASE
|    +--- org.springframework.boot:spring-boot-starter:2.0.4.RELEASE
|    |    +--- org.springframework.boot:spring-boot:2.0.4.RELEASE
|    |    |    +--- org.springframework:spring-core:5.0.8.RELEASE
|    |    |    |    \--- org.springframework:spring-jcl:5.0.8.RELEASE
|    |    |    \--- org.springframework:spring-context:5.0.8.RELEASE
|    |    |         +--- org.springframework:spring-aop:5.0.8.RELEASE
|    |    |         |    +--- org.springframework:spring-beans:5.0.8.RELEASE
|    |    |         |    |    \--- org.springframework:spring-core:5.0.8.RELEASE (*)
|    |    |         |    \--- org.springframework:spring-core:5.0.8.RELEASE (*)
|    |    |         +--- org.springframework:spring-beans:5.0.8.RELEASE (*)
|    |    |         +--- org.springframework:spring-core:5.0.8.RELEASE (*)
|    |    |         \--- org.springframework:spring-expression:5.0.8.RELEASE
|    |    |              \--- org.springframework:spring-core:5.0.8.RELEASE (*)
|    |    +--- org.springframework.boot:spring-boot-autoconfigure:2.0.4.RELEASE
|    |    |    \--- org.springframework.boot:spring-boot:2.0.4.RELEASE (*)
|    |    +--- org.springframework.boot:spring-boot-starter-logging:2.0.4.RELEASE
|    |    |    +--- ch.qos.logback:logback-classic:1.2.3
|    |    |    |    +--- ch.qos.logback:logback-core:1.2.3
|    |    |    |    \--- org.slf4j:slf4j-api:1.7.25
|    |    |    +--- org.apache.logging.log4j:log4j-to-slf4j:2.10.0
|    |    |    |    +--- org.slf4j:slf4j-api:1.7.25
|    |    |    |    \--- org.apache.logging.log4j:log4j-api:2.10.0
|    |    |    \--- org.slf4j:jul-to-slf4j:1.7.25
|    |    |         \--- org.slf4j:slf4j-api:1.7.25
|    |    +--- javax.annotation:javax.annotation-api:1.3.2
|    |    +--- org.springframework:spring-core:5.0.8.RELEASE (*)
|    |    \--- org.yaml:snakeyaml:1.19
|    +--- com.zaxxer:HikariCP:2.7.9
|    |    \--- org.slf4j:slf4j-api:1.7.25
|    \--- org.springframework:spring-jdbc:5.0.8.RELEASE
|         +--- org.springframework:spring-beans:5.0.8.RELEASE (*)
|         +--- org.springframework:spring-core:5.0.8.RELEASE (*)
|         \--- org.springframework:spring-tx:5.0.8.RELEASE
|              +--- org.springframework:spring-beans:5.0.8.RELEASE (*)
|              \--- org.springframework:spring-core:5.0.8.RELEASE (*)
\--- org.springframework.boot:spring-boot-starter-data-jpa:+ -> 2.0.4.RELEASE
     +--- org.springframework.boot:spring-boot-starter:2.0.4.RELEASE (*)
     +--- org.springframework.boot:spring-boot-starter-aop:2.0.4.RELEASE
     |    +--- org.springframework.boot:spring-boot-starter:2.0.4.RELEASE (*)
     |    +--- org.springframework:spring-aop:5.0.8.RELEASE (*)
     |    \--- org.aspectj:aspectjweaver:1.8.13
     +--- org.springframework.boot:spring-boot-starter-jdbc:2.0.4.RELEASE (*)
     +--- org.hibernate:hibernate-core:5.2.17.Final
     |    +--- org.jboss.logging:jboss-logging:3.3.1.Final
     |    +--- org.hibernate.javax.persistence:hibernate-jpa-2.1-api:1.0.0.Final
     |    +--- org.javassist:javassist:3.22.0-GA
     |    +--- antlr:antlr:2.7.7
     |    +--- org.jboss:jandex:2.0.3.Final
     |    +--- com.fasterxml:classmate:1.3.0
     |    +--- dom4j:dom4j:1.6.1
     |    \--- org.hibernate.common:hibernate-commons-annotations:5.0.1.Final
     |         \--- org.jboss.logging:jboss-logging:3.3.0.Final -> 3.3.1.Final
     +--- javax.transaction:javax.transaction-api:1.2
     +--- org.springframework.data:spring-data-jpa:2.0.9.RELEASE
     |    +--- org.springframework.data:spring-data-commons:2.0.9.RELEASE
     |    |    +--- org.springframework:spring-core:5.0.8.RELEASE (*)
     |    |    +--- org.springframework:spring-beans:5.0.8.RELEASE (*)
     |    |    \--- org.slf4j:slf4j-api:1.7.25
     |    +--- org.springframework:spring-orm:5.0.8.RELEASE
     |    |    +--- org.springframework:spring-beans:5.0.8.RELEASE (*)
     |    |    +--- org.springframework:spring-core:5.0.8.RELEASE (*)
     |    |    +--- org.springframework:spring-jdbc:5.0.8.RELEASE (*)
     |    |    \--- org.springframework:spring-tx:5.0.8.RELEASE (*)
     |    +--- org.springframework:spring-context:5.0.8.RELEASE (*)
     |    +--- org.springframework:spring-aop:5.0.8.RELEASE (*)
     |    +--- org.springframework:spring-tx:5.0.8.RELEASE (*)
     |    +--- org.springframework:spring-beans:5.0.8.RELEASE (*)
     |    +--- org.springframework:spring-core:5.0.8.RELEASE (*)
     |    \--- org.slf4j:slf4j-api:1.7.25
     \--- org.springframework:spring-aspects:5.0.8.RELEASE
          \--- org.aspectj:aspectjweaver:1.8.13

testRuntimeOnly - Runtime only dependencies for source set 'test'. (n)
No dependencies

(*) - dependencies omitted (listed previously)

A web-based, searchable dependency report is available by adding the --scan option.

BUILD SUCCESSFUL in 1s
1 actionable task: 1 executed
